==============================================================================
TS_Engine parity monitor
  exec journal:    C:\Users\faraw\Documents\TS_Execution\journal\SignalJournal.jsonl
  shadow journal:  C:\Users\faraw\Documents\TS_Engine\journal\shadow_signal_journal.jsonl
  divergence log:  C:\Users\faraw\Documents\TS_Engine\divergence_log.jsonl
  poll interval:   30s
==============================================================================

MONITOR_SCOPE:
  start_ts=2026-05-01T05:43:38+00:00 (tag=20260501T054338Z)
  strategies=9
    - 22_CONT_FX_15M_RSIAVG_TRENDFILT_S07_V1_P01_GBPUSD
    - 22_CONT_FX_15M_RSIAVG_TRENDFILT_S07_V1_P02_EURUSD
    - 22_CONT_FX_30M_RSIAVG_TRENDFILT_S02_V1_P02_AUDUSD
    - 22_CONT_FX_30M_RSIAVG_TRENDFILT_S02_V1_P05
    - 22_CONT_FX_30M_RSIAVG_TRENDFILT_S02_V1_P06_AUDJPY
    - 27_MR_XAUUSD_1H_PINBAR_S01_V1_P05
    - 33_TREND_BTCUSD_1H_IMPULSE_S03_V1_P02
    - 35_PA_GER40_15M_DAYOC_S12_V1_P00
    - 62_TREND_IDX_5M_KALFLIP_S01_V2_P15
  historical_records_ignored=344
    pre_run_start:    37
    unknown_strategy: 307
    malformed:        0
  exec_total_records=344
  exec_in_scope_at_start=0
==============================================================================

  HB  exec_in_scope=0  shadow_in_scope=0  unique_pairs=0  cum_div=0  new_this_loop=0  exec_ignored=344
  HB  exec_in_scope=0  shadow_in_scope=0  unique_pairs=0  cum_div=0  new_this_loop=0  exec_ignored=344
  HB  exec_in_scope=0  shadow_in_scope=0  unique_pairs=0  cum_div=0  new_this_loop=0  exec_ignored=344
  HB  exec_in_scope=0  shadow_in_scope=0  unique_pairs=0  cum_div=0  new_this_loop=0  exec_ignored=344
  HB  exec_in_scope=0  shadow_in_scope=0  unique_pairs=0  cum_div=0  new_this_loop=0  exec_ignored=344
  HB  exec_in_scope=0  shadow_in_scope=0  unique_pairs=0  cum_div=0  new_this_loop=0  exec_ignored=344
  HB  exec_in_scope=0  shadow_in_scope=0  unique_pairs=0  cum_div=0  new_this_loop=0  exec_ignored=344
  HB  exec_in_scope=0  shadow_in_scope=0  unique_pairs=0  cum_div=0  new_this_loop=0  exec_ignored=344
  HB  exec_in_scope=0  shadow_in_scope=0  unique_pairs=0  cum_div=0  new_this_loop=0  exec_ignored=344
  HB  exec_in_scope=0  shadow_in_scope=0  unique_pairs=0  cum_div=0  new_this_loop=0  exec_ignored=344
  HB  exec_in_scope=0  shadow_in_scope=0  unique_pairs=0  cum_div=0  new_this_loop=0  exec_ignored=344
  HB  exec_in_scope=0  shadow_in_scope=0  unique_pairs=0  cum_div=0  new_this_loop=0  exec_ignored=344
  HB  exec_in_scope=0  shadow_in_scope=0  unique_pairs=0  cum_div=0  new_this_loop=0  exec_ignored=344
  HB  exec_in_scope=0  shadow_in_scope=0  unique_pairs=0  cum_div=0  new_this_loop=0  exec_ignored=344
  HB  exec_in_scope=0  shadow_in_scope=0  unique_pairs=0  cum_div=0  new_this_loop=0  exec_ignored=344
  HB  exec_in_scope=0  shadow_in_scope=0  unique_pairs=0  cum_div=0  new_this_loop=0  exec_ignored=344
  HB  exec_in_scope=0  shadow_in_scope=0  unique_pairs=0  cum_div=0  new_this_loop=0  exec_ignored=344
  HB  exec_in_scope=0  shadow_in_scope=0  unique_pairs=0  cum_div=0  new_this_loop=0  exec_ignored=344
  HB  exec_in_scope=0  shadow_in_scope=0  unique_pairs=0  cum_div=0  new_this_loop=0  exec_ignored=344
  HB  exec_in_scope=0  shadow_in_scope=0  unique_pairs=0  cum_div=0  new_this_loop=0  exec_ignored=344
  HB  exec_in_scope=0  shadow_in_scope=0  unique_pairs=0  cum_div=0  new_this_loop=0  exec_ignored=344
  HB  exec_in_scope=0  shadow_in_scope=0  unique_pairs=0  cum_div=0  new_this_loop=0  exec_ignored=344
  HB  exec_in_scope=0  shadow_in_scope=0  unique_pairs=0  cum_div=0  new_this_loop=0  exec_ignored=344
  HB  exec_in_scope=0  shadow_in_scope=0  unique_pairs=0  cum_div=0  new_this_loop=0  exec_ignored=344
  HB  exec_in_scope=0  shadow_in_scope=0  unique_pairs=0  cum_div=0  new_this_loop=0  exec_ignored=344
  HB  exec_in_scope=0  shadow_in_scope=0  unique_pairs=0  cum_div=0  new_this_loop=0  exec_ignored=344
  HB  exec_in_scope=0  shadow_in_scope=0  unique_pairs=0  cum_div=0  new_this_loop=0  exec_ignored=344
  HB  exec_in_scope=0  shadow_in_scope=0  unique_pairs=0  cum_div=0  new_this_loop=0  exec_ignored=344
  HB  exec_in_scope=0  shadow_in_scope=0  unique_pairs=0  cum_div=0  new_this_loop=0  exec_ignored=344
  HB  exec_in_scope=0  shadow_in_scope=0  unique_pairs=0  cum_div=0  new_this_loop=0  exec_ignored=344
  HB  exec_in_scope=0  shadow_in_scope=0  unique_pairs=0  cum_div=0  new_this_loop=0  exec_ignored=344
  HB  exec_in_scope=0  shadow_in_scope=0  unique_pairs=0  cum_div=0  new_this_loop=0  exec_ignored=344
  HB  exec_in_scope=0  shadow_in_scope=0  unique_pairs=0  cum_div=0  new_this_loop=0  exec_ignored=344
  HB  exec_in_scope=0  shadow_in_scope=0  unique_pairs=0  cum_div=0  new_this_loop=0  exec_ignored=344
  HB  exec_in_scope=0  shadow_in_scope=0  unique_pairs=0  cum_div=0  new_this_loop=0  exec_ignored=344
  HB  exec_in_scope=0  shadow_in_scope=0  unique_pairs=0  cum_div=0  new_this_loop=0  exec_ignored=344
  HB  exec_in_scope=0  shadow_in_scope=0  unique_pairs=0  cum_div=0  new_this_loop=0  exec_ignored=344
  HB  exec_in_scope=0  shadow_in_scope=0  unique_pairs=0  cum_div=0  new_this_loop=0  exec_ignored=344
  HB  exec_in_scope=0  shadow_in_scope=0  unique_pairs=0  cum_div=0  new_this_loop=0  exec_ignored=344
  HB  exec_in_scope=0  shadow_in_scope=0  unique_pairs=0  cum_div=0  new_this_loop=0  exec_ignored=344
  HB  exec_in_scope=0  shadow_in_scope=0  unique_pairs=0  cum_div=0  new_this_loop=0  exec_ignored=344
  HB  exec_in_scope=0  shadow_in_scope=0  unique_pairs=0  cum_div=0  new_this_loop=0  exec_ignored=344
  HB  exec_in_scope=0  shadow_in_scope=0  unique_pairs=0  cum_div=0  new_this_loop=0  exec_ignored=344
  HB  exec_in_scope=0  shadow_in_scope=0  unique_pairs=0  cum_div=0  new_this_loop=0  exec_ignored=344
  HB  exec_in_scope=0  shadow_in_scope=0  unique_pairs=0  cum_div=0  new_this_loop=0  exec_ignored=344
  HB  exec_in_scope=0  shadow_in_scope=0  unique_pairs=0  cum_div=0  new_this_loop=0  exec_ignored=344
  HB  exec_in_scope=0  shadow_in_scope=0  unique_pairs=0  cum_div=0  new_this_loop=0  exec_ignored=344
  HB  exec_in_scope=0  shadow_in_scope=0  unique_pairs=0  cum_div=0  new_this_loop=0  exec_ignored=344
  HB  exec_in_scope=0  shadow_in_scope=0  unique_pairs=0  cum_div=0  new_this_loop=0  exec_ignored=344
  HB  exec_in_scope=0  shadow_in_scope=0  unique_pairs=0  cum_div=0  new_this_loop=0  exec_ignored=344
  HB  exec_in_scope=0  shadow_in_scope=0  unique_pairs=0  cum_div=0  new_this_loop=0  exec_ignored=344
  HB  exec_in_scope=0  shadow_in_scope=0  unique_pairs=0  cum_div=0  new_this_loop=0  exec_ignored=344
  HB  exec_in_scope=0  shadow_in_scope=0  unique_pairs=0  cum_div=0  new_this_loop=0  exec_ignored=344
  HB  exec_in_scope=0  shadow_in_scope=0  unique_pairs=0  cum_div=0  new_this_loop=0  exec_ignored=344
  HB  exec_in_scope=0  shadow_in_scope=0  unique_pairs=0  cum_div=0  new_this_loop=0  exec_ignored=344
  HB  exec_in_scope=0  shadow_in_scope=0  unique_pairs=0  cum_div=0  new_this_loop=0  exec_ignored=344
  HB  exec_in_scope=0  shadow_in_scope=0  unique_pairs=0  cum_div=0  new_this_loop=0  exec_ignored=344
  HB  exec_in_scope=0  shadow_in_scope=0  unique_pairs=0  cum_div=0  new_this_loop=0  exec_ignored=344
  HB  exec_in_scope=0  shadow_in_scope=0  unique_pairs=0  cum_div=0  new_this_loop=0  exec_ignored=344
  HB  exec_in_scope=0  shadow_in_scope=0  unique_pairs=0  cum_div=0  new_this_loop=0  exec_ignored=344
  HB  exec_in_scope=0  shadow_in_scope=0  unique_pairs=0  cum_div=0  new_this_loop=0  exec_ignored=344
  HB  exec_in_scope=0  shadow_in_scope=0  unique_pairs=0  cum_div=0  new_this_loop=0  exec_ignored=344
  HB  exec_in_scope=0  shadow_in_scope=0  unique_pairs=0  cum_div=0  new_this_loop=0  exec_ignored=344
  HB  exec_in_scope=0  shadow_in_scope=0  unique_pairs=0  cum_div=0  new_this_loop=0  exec_ignored=344
  HB  exec_in_scope=0  shadow_in_scope=0  unique_pairs=0  cum_div=0  new_this_loop=0  exec_ignored=344
  HB  exec_in_scope=0  shadow_in_scope=0  unique_pairs=0  cum_div=0  new_this_loop=0  exec_ignored=344
  HB  exec_in_scope=0  shadow_in_scope=0  unique_pairs=0  cum_div=0  new_this_loop=0  exec_ignored=344
  HB  exec_in_scope=0  shadow_in_scope=0  unique_pairs=0  cum_div=0  new_this_loop=0  exec_ignored=344
  HB  exec_in_scope=0  shadow_in_scope=0  unique_pairs=0  cum_div=0  new_this_loop=0  exec_ignored=344
  HB  exec_in_scope=0  shadow_in_scope=0  unique_pairs=0  cum_div=0  new_this_loop=0  exec_ignored=344
  HB  exec_in_scope=0  shadow_in_scope=0  unique_pairs=0  cum_div=0  new_this_loop=0  exec_ignored=344
  HB  exec_in_scope=0  shadow_in_scope=0  unique_pairs=0  cum_div=0  new_this_loop=0  exec_ignored=344
  HB  exec_in_scope=0  shadow_in_scope=0  unique_pairs=0  cum_div=0  new_this_loop=0  exec_ignored=344
  HB  exec_in_scope=0  shadow_in_scope=0  unique_pairs=0  cum_div=0  new_this_loop=0  exec_ignored=344
  HB  exec_in_scope=0  shadow_in_scope=0  unique_pairs=0  cum_div=0  new_this_loop=0  exec_ignored=344
  HB  exec_in_scope=0  shadow_in_scope=0  unique_pairs=0  cum_div=0  new_this_loop=0  exec_ignored=344
  HB  exec_in_scope=0  shadow_in_scope=0  unique_pairs=0  cum_div=0  new_this_loop=0  exec_ignored=344
  HB  exec_in_scope=0  shadow_in_scope=0  unique_pairs=0  cum_div=0  new_this_loop=0  exec_ignored=344
  HB  exec_in_scope=0  shadow_in_scope=0  unique_pairs=0  cum_div=0  new_this_loop=0  exec_ignored=344
  HB  exec_in_scope=0  shadow_in_scope=0  unique_pairs=0  cum_div=0  new_this_loop=0  exec_ignored=344
  HB  exec_in_scope=0  shadow_in_scope=0  unique_pairs=0  cum_div=0  new_this_loop=0  exec_ignored=344
  HB  exec_in_scope=0  shadow_in_scope=0  unique_pairs=0  cum_div=0  new_this_loop=0  exec_ignored=344
  HB  exec_in_scope=0  shadow_in_scope=0  unique_pairs=0  cum_div=0  new_this_loop=0  exec_ignored=344
  HB  exec_in_scope=0  shadow_in_scope=0  unique_pairs=0  cum_div=0  new_this_loop=0  exec_ignored=344
  HB  exec_in_scope=0  shadow_in_scope=0  unique_pairs=0  cum_div=0  new_this_loop=0  exec_ignored=344
  HB  exec_in_scope=0  shadow_in_scope=0  unique_pairs=0  cum_div=0  new_this_loop=0  exec_ignored=344
  HB  exec_in_scope=0  shadow_in_scope=0  unique_pairs=0  cum_div=0  new_this_loop=0  exec_ignored=344
  HB  exec_in_scope=0  shadow_in_scope=0  unique_pairs=0  cum_div=0  new_this_loop=0  exec_ignored=344
  HB  exec_in_scope=0  shadow_in_scope=0  unique_pairs=0  cum_div=0  new_this_loop=0  exec_ignored=344
  HB  exec_in_scope=0  shadow_in_scope=0  unique_pairs=0  cum_div=0  new_this_loop=0  exec_ignored=344
  HB  exec_in_scope=0  shadow_in_scope=0  unique_pairs=0  cum_div=0  new_this_loop=0  exec_ignored=344
  HB  exec_in_scope=0  shadow_in_scope=0  unique_pairs=0  cum_div=0  new_this_loop=0  exec_ignored=344
  HB  exec_in_scope=0  shadow_in_scope=0  unique_pairs=0  cum_div=0  new_this_loop=0  exec_ignored=344
  HB  exec_in_scope=0  shadow_in_scope=0  unique_pairs=0  cum_div=0  new_this_loop=0  exec_ignored=344
  HB  exec_in_scope=0  shadow_in_scope=0  unique_pairs=0  cum_div=0  new_this_loop=0  exec_ignored=344
  HB  exec_in_scope=0  shadow_in_scope=0  unique_pairs=0  cum_div=0  new_this_loop=0  exec_ignored=344
  HB  exec_in_scope=0  shadow_in_scope=0  unique_pairs=0  cum_div=0  new_this_loop=0  exec_ignored=344
  HB  exec_in_scope=0  shadow_in_scope=0  unique_pairs=0  cum_div=0  new_this_loop=0  exec_ignored=344
  HB  exec_in_scope=0  shadow_in_scope=0  unique_pairs=0  cum_div=0  new_this_loop=0  exec_ignored=344
  HB  exec_in_scope=0  shadow_in_scope=0  unique_pairs=0  cum_div=0  new_this_loop=0  exec_ignored=344
  HB  exec_in_scope=0  shadow_in_scope=0  unique_pairs=0  cum_div=0  new_this_loop=0  exec_ignored=344
  HB  exec_in_scope=0  shadow_in_scope=0  unique_pairs=0  cum_div=0  new_this_loop=0  exec_ignored=344
  HB  exec_in_scope=0  shadow_in_scope=0  unique_pairs=0  cum_div=0  new_this_loop=0  exec_ignored=344
  HB  exec_in_scope=0  shadow_in_scope=0  unique_pairs=0  cum_div=0  new_this_loop=0  exec_ignored=344
  HB  exec_in_scope=0  shadow_in_scope=0  unique_pairs=0  cum_div=0  new_this_loop=0  exec_ignored=344
  HB  exec_in_scope=0  shadow_in_scope=0  unique_pairs=0  cum_div=0  new_this_loop=0  exec_ignored=344
  HB  exec_in_scope=0  shadow_in_scope=0  unique_pairs=0  cum_div=0  new_this_loop=0  exec_ignored=344
  HB  exec_in_scope=0  shadow_in_scope=0  unique_pairs=0  cum_div=0  new_this_loop=0  exec_ignored=344
  HB  exec_in_scope=0  shadow_in_scope=0  unique_pairs=0  cum_div=0  new_this_loop=0  exec_ignored=344
  HB  exec_in_scope=0  shadow_in_scope=0  unique_pairs=0  cum_div=0  new_this_loop=0  exec_ignored=344
  HB  exec_in_scope=0  shadow_in_scope=0  unique_pairs=0  cum_div=0  new_this_loop=0  exec_ignored=344
  HB  exec_in_scope=0  shadow_in_scope=0  unique_pairs=0  cum_div=0  new_this_loop=0  exec_ignored=344
  HB  exec_in_scope=0  shadow_in_scope=0  unique_pairs=0  cum_div=0  new_this_loop=0  exec_ignored=344
  HB  exec_in_scope=0  shadow_in_scope=0  unique_pairs=0  cum_div=0  new_this_loop=0  exec_ignored=344
  HB  exec_in_scope=0  shadow_in_scope=0  unique_pairs=0  cum_div=0  new_this_loop=0  exec_ignored=344
  HB  exec_in_scope=0  shadow_in_scope=0  unique_pairs=0  cum_div=0  new_this_loop=0  exec_ignored=344
  HB  exec_in_scope=0  shadow_in_scope=0  unique_pairs=0  cum_div=0  new_this_loop=0  exec_ignored=344
  HB  exec_in_scope=0  shadow_in_scope=0  unique_pairs=0  cum_div=0  new_this_loop=0  exec_ignored=344
  HB  exec_in_scope=0  shadow_in_scope=0  unique_pairs=0  cum_div=0  new_this_loop=0  exec_ignored=344
  HB  exec_in_scope=0  shadow_in_scope=0  unique_pairs=0  cum_div=0  new_this_loop=0  exec_ignored=344
  HB  exec_in_scope=0  shadow_in_scope=0  unique_pairs=0  cum_div=0  new_this_loop=0  exec_ignored=344
  HB  exec_in_scope=0  shadow_in_scope=0  unique_pairs=0  cum_div=0  new_this_loop=0  exec_ignored=344
  HB  exec_in_scope=0  shadow_in_scope=0  unique_pairs=0  cum_div=0  new_this_loop=0  exec_ignored=344
  HB  exec_in_scope=0  shadow_in_scope=0  unique_pairs=0  cum_div=0  new_this_loop=0  exec_ignored=344
  HB  exec_in_scope=0  shadow_in_scope=0  unique_pairs=0  cum_div=0  new_this_loop=0  exec_ignored=344
  HB  exec_in_scope=0  shadow_in_scope=0  unique_pairs=0  cum_div=0  new_this_loop=0  exec_ignored=344
  HB  exec_in_scope=0  shadow_in_scope=0  unique_pairs=0  cum_div=0  new_this_loop=0  exec_ignored=344
  HB  exec_in_scope=0  shadow_in_scope=0  unique_pairs=0  cum_div=0  new_this_loop=0  exec_ignored=344
  HB  exec_in_scope=0  shadow_in_scope=0  unique_pairs=0  cum_div=0  new_this_loop=0  exec_ignored=344
  HB  exec_in_scope=0  shadow_in_scope=0  unique_pairs=0  cum_div=0  new_this_loop=0  exec_ignored=344
  HB  exec_in_scope=0  shadow_in_scope=0  unique_pairs=0  cum_div=0  new_this_loop=0  exec_ignored=344
  HB  exec_in_scope=0  shadow_in_scope=0  unique_pairs=0  cum_div=0  new_this_loop=0  exec_ignored=344
  HB  exec_in_scope=0  shadow_in_scope=0  unique_pairs=0  cum_div=0  new_this_loop=0  exec_ignored=344
  HB  exec_in_scope=0  shadow_in_scope=0  unique_pairs=0  cum_div=0  new_this_loop=0  exec_ignored=344
  HB  exec_in_scope=0  shadow_in_scope=0  unique_pairs=0  cum_div=0  new_this_loop=0  exec_ignored=344
  HB  exec_in_scope=0  shadow_in_scope=0  unique_pairs=0  cum_div=0  new_this_loop=0  exec_ignored=344
  HB  exec_in_scope=0  shadow_in_scope=0  unique_pairs=0  cum_div=0  new_this_loop=0  exec_ignored=344
  HB  exec_in_scope=0  shadow_in_scope=0  unique_pairs=0  cum_div=0  new_this_loop=0  exec_ignored=344
  HB  exec_in_scope=0  shadow_in_scope=0  unique_pairs=0  cum_div=0  new_this_loop=0  exec_ignored=344
  HB  exec_in_scope=0  shadow_in_scope=0  unique_pairs=0  cum_div=0  new_this_loop=0  exec_ignored=344
  HB  exec_in_scope=0  shadow_in_scope=0  unique_pairs=0  cum_div=0  new_this_loop=0  exec_ignored=344
  HB  exec_in_scope=0  shadow_in_scope=0  unique_pairs=0  cum_div=0  new_this_loop=0  exec_ignored=344
  HB  exec_in_scope=0  shadow_in_scope=0  unique_pairs=0  cum_div=0  new_this_loop=0  exec_ignored=344
  HB  exec_in_scope=0  shadow_in_scope=0  unique_pairs=0  cum_div=0  new_this_loop=0  exec_ignored=344
  HB  exec_in_scope=0  shadow_in_scope=0  unique_pairs=0  cum_div=0  new_this_loop=0  exec_ignored=344
  HB  exec_in_scope=0  shadow_in_scope=0  unique_pairs=0  cum_div=0  new_this_loop=0  exec_ignored=344
  HB  exec_in_scope=0  shadow_in_scope=0  unique_pairs=0  cum_div=0  new_this_loop=0  exec_ignored=344
  HB  exec_in_scope=0  shadow_in_scope=0  unique_pairs=0  cum_div=0  new_this_loop=0  exec_ignored=344
  HB  exec_in_scope=0  shadow_in_scope=0  unique_pairs=0  cum_div=0  new_this_loop=0  exec_ignored=344
  HB  exec_in_scope=0  shadow_in_scope=0  unique_pairs=0  cum_div=0  new_this_loop=0  exec_ignored=344
  HB  exec_in_scope=0  shadow_in_scope=0  unique_pairs=0  cum_div=0  new_this_loop=0  exec_ignored=344
  HB  exec_in_scope=0  shadow_in_scope=0  unique_pairs=0  cum_div=0  new_this_loop=0  exec_ignored=344
  HB  exec_in_scope=0  shadow_in_scope=0  unique_pairs=0  cum_div=0  new_this_loop=0  exec_ignored=344
  HB  exec_in_scope=0  shadow_in_scope=0  unique_pairs=0  cum_div=0  new_this_loop=0  exec_ignored=344
  HB  exec_in_scope=0  shadow_in_scope=0  unique_pairs=0  cum_div=0  new_this_loop=0  exec_ignored=344
  HB  exec_in_scope=0  shadow_in_scope=0  unique_pairs=0  cum_div=0  new_this_loop=0  exec_ignored=344
  HB  exec_in_scope=0  shadow_in_scope=0  unique_pairs=0  cum_div=0  new_this_loop=0  exec_ignored=344
  HB  exec_in_scope=0  shadow_in_scope=0  unique_pairs=0  cum_div=0  new_this_loop=0  exec_ignored=344
  HB  exec_in_scope=0  shadow_in_scope=0  unique_pairs=0  cum_div=0  new_this_loop=0  exec_ignored=344
  HB  exec_in_scope=0  shadow_in_scope=0  unique_pairs=0  cum_div=0  new_this_loop=0  exec_ignored=344
  HB  exec_in_scope=0  shadow_in_scope=0  unique_pairs=0  cum_div=0  new_this_loop=0  exec_ignored=344
  HB  exec_in_scope=0  shadow_in_scope=0  unique_pairs=0  cum_div=0  new_this_loop=0  exec_ignored=344
  HB  exec_in_scope=0  shadow_in_scope=0  unique_pairs=0  cum_div=0  new_this_loop=0  exec_ignored=344
  HB  exec_in_scope=0  shadow_in_scope=0  unique_pairs=0  cum_div=0  new_this_loop=0  exec_ignored=344
  HB  exec_in_scope=0  shadow_in_scope=0  unique_pairs=0  cum_div=0  new_this_loop=0  exec_ignored=344
  HB  exec_in_scope=0  shadow_in_scope=0  unique_pairs=0  cum_div=0  new_this_loop=0  exec_ignored=344
  HB  exec_in_scope=0  shadow_in_scope=0  unique_pairs=0  cum_div=0  new_this_loop=0  exec_ignored=344
  HB  exec_in_scope=0  shadow_in_scope=0  unique_pairs=0  cum_div=0  new_this_loop=0  exec_ignored=344
  HB  exec_in_scope=0  shadow_in_scope=0  unique_pairs=0  cum_div=0  new_this_loop=0  exec_ignored=344
  HB  exec_in_scope=0  shadow_in_scope=0  unique_pairs=0  cum_div=0  new_this_loop=0  exec_ignored=344
  HB  exec_in_scope=0  shadow_in_scope=0  unique_pairs=0  cum_div=0  new_this_loop=0  exec_ignored=344
  HB  exec_in_scope=0  shadow_in_scope=0  unique_pairs=0  cum_div=0  new_this_loop=0  exec_ignored=344
  HB  exec_in_scope=0  shadow_in_scope=0  unique_pairs=0  cum_div=0  new_this_loop=0  exec_ignored=344
  HB  exec_in_scope=0  shadow_in_scope=0  unique_pairs=0  cum_div=0  new_this_loop=0  exec_ignored=344
  HB  exec_in_scope=0  shadow_in_scope=0  unique_pairs=0  cum_div=0  new_this_loop=0  exec_ignored=344
  HB  exec_in_scope=0  shadow_in_scope=0  unique_pairs=0  cum_div=0  new_this_loop=0  exec_ignored=344
  HB  exec_in_scope=0  shadow_in_scope=0  unique_pairs=0  cum_div=0  new_this_loop=0  exec_ignored=344
  HB  exec_in_scope=0  shadow_in_scope=0  unique_pairs=0  cum_div=0  new_this_loop=0  exec_ignored=344
  HB  exec_in_scope=0  shadow_in_scope=0  unique_pairs=0  cum_div=0  new_this_loop=0  exec_ignored=344
  HB  exec_in_scope=0  shadow_in_scope=0  unique_pairs=0  cum_div=0  new_this_loop=0  exec_ignored=344
  HB  exec_in_scope=0  shadow_in_scope=0  unique_pairs=0  cum_div=0  new_this_loop=0  exec_ignored=344
  HB  exec_in_scope=0  shadow_in_scope=0  unique_pairs=0  cum_div=0  new_this_loop=0  exec_ignored=344
  HB  exec_in_scope=0  shadow_in_scope=0  unique_pairs=0  cum_div=0  new_this_loop=0  exec_ignored=344
  HB  exec_in_scope=0  shadow_in_scope=0  unique_pairs=0  cum_div=0  new_this_loop=0  exec_ignored=344
  HB  exec_in_scope=0  shadow_in_scope=0  unique_pairs=0  cum_div=0  new_this_loop=0  exec_ignored=344
  HB  exec_in_scope=0  shadow_in_scope=0  unique_pairs=0  cum_div=0  new_this_loop=0  exec_ignored=344
  HB  exec_in_scope=0  shadow_in_scope=0  unique_pairs=0  cum_div=0  new_this_loop=0  exec_ignored=344
  HB  exec_in_scope=0  shadow_in_scope=0  unique_pairs=0  cum_div=0  new_this_loop=0  exec_ignored=344
  HB  exec_in_scope=0  shadow_in_scope=0  unique_pairs=0  cum_div=0  new_this_loop=0  exec_ignored=344
  HB  exec_in_scope=0  shadow_in_scope=0  unique_pairs=0  cum_div=0  new_this_loop=0  exec_ignored=344
  HB  exec_in_scope=0  shadow_in_scope=0  unique_pairs=0  cum_div=0  new_this_loop=0  exec_ignored=344
  HB  exec_in_scope=0  shadow_in_scope=0  unique_pairs=0  cum_div=0  new_this_loop=0  exec_ignored=344
  HB  exec_in_scope=0  shadow_in_scope=0  unique_pairs=0  cum_div=0  new_this_loop=0  exec_ignored=344
  HB  exec_in_scope=0  shadow_in_scope=0  unique_pairs=0  cum_div=0  new_this_loop=0  exec_ignored=344
  HB  exec_in_scope=0  shadow_in_scope=0  unique_pairs=0  cum_div=0  new_this_loop=0  exec_ignored=344
  HB  exec_in_scope=0  shadow_in_scope=0  unique_pairs=0  cum_div=0  new_this_loop=0  exec_ignored=344
  HB  exec_in_scope=0  shadow_in_scope=0  unique_pairs=0  cum_div=0  new_this_loop=0  exec_ignored=344
  HB  exec_in_scope=0  shadow_in_scope=0  unique_pairs=0  cum_div=0  new_this_loop=0  exec_ignored=344
  HB  exec_in_scope=0  shadow_in_scope=0  unique_pairs=0  cum_div=0  new_this_loop=0  exec_ignored=344
  HB  exec_in_scope=0  shadow_in_scope=0  unique_pairs=0  cum_div=0  new_this_loop=0  exec_ignored=344
  HB  exec_in_scope=0  shadow_in_scope=0  unique_pairs=0  cum_div=0  new_this_loop=0  exec_ignored=344
  HB  exec_in_scope=0  shadow_in_scope=0  unique_pairs=0  cum_div=0  new_this_loop=0  exec_ignored=344
  HB  exec_in_scope=0  shadow_in_scope=0  unique_pairs=0  cum_div=0  new_this_loop=0  exec_ignored=344
  HB  exec_in_scope=0  shadow_in_scope=0  unique_pairs=0  cum_div=0  new_this_loop=0  exec_ignored=344
  HB  exec_in_scope=0  shadow_in_scope=0  unique_pairs=0  cum_div=0  new_this_loop=0  exec_ignored=344
  HB  exec_in_scope=0  shadow_in_scope=0  unique_pairs=0  cum_div=0  new_this_loop=0  exec_ignored=344
  HB  exec_in_scope=0  shadow_in_scope=0  unique_pairs=0  cum_div=0  new_this_loop=0  exec_ignored=344
  HB  exec_in_scope=0  shadow_in_scope=0  unique_pairs=0  cum_div=0  new_this_loop=0  exec_ignored=344
  HB  exec_in_scope=0  shadow_in_scope=0  unique_pairs=0  cum_div=0  new_this_loop=0  exec_ignored=344
  HB  exec_in_scope=0  shadow_in_scope=0  unique_pairs=0  cum_div=0  new_this_loop=0  exec_ignored=344
  HB  exec_in_scope=0  shadow_in_scope=0  unique_pairs=0  cum_div=0  new_this_loop=0  exec_ignored=344
  HB  exec_in_scope=0  shadow_in_scope=0  unique_pairs=0  cum_div=0  new_this_loop=0  exec_ignored=344
  HB  exec_in_scope=0  shadow_in_scope=0  unique_pairs=0  cum_div=0  new_this_loop=0  exec_ignored=344
  HB  exec_in_scope=0  shadow_in_scope=0  unique_pairs=0  cum_div=0  new_this_loop=0  exec_ignored=344
  HB  exec_in_scope=0  shadow_in_scope=0  unique_pairs=0  cum_div=0  new_this_loop=0  exec_ignored=344
  HB  exec_in_scope=0  shadow_in_scope=0  unique_pairs=0  cum_div=0  new_this_loop=0  exec_ignored=344
  HB  exec_in_scope=0  shadow_in_scope=0  unique_pairs=0  cum_div=0  new_this_loop=0  exec_ignored=344
  HB  exec_in_scope=0  shadow_in_scope=0  unique_pairs=0  cum_div=0  new_this_loop=0  exec_ignored=344
  HB  exec_in_scope=0  shadow_in_scope=0  unique_pairs=0  cum_div=0  new_this_loop=0  exec_ignored=344
  HB  exec_in_scope=0  shadow_in_scope=0  unique_pairs=0  cum_div=0  new_this_loop=0  exec_ignored=344
  HB  exec_in_scope=0  shadow_in_scope=0  unique_pairs=0  cum_div=0  new_this_loop=0  exec_ignored=344
  HB  exec_in_scope=0  shadow_in_scope=0  unique_pairs=0  cum_div=0  new_this_loop=0  exec_ignored=344
  HB  exec_in_scope=0  shadow_in_scope=0  unique_pairs=0  cum_div=0  new_this_loop=0  exec_ignored=344
  HB  exec_in_scope=0  shadow_in_scope=0  unique_pairs=0  cum_div=0  new_this_loop=0  exec_ignored=344
  HB  exec_in_scope=0  shadow_in_scope=0  unique_pairs=0  cum_div=0  new_this_loop=0  exec_ignored=344
  HB  exec_in_scope=0  shadow_in_scope=0  unique_pairs=0  cum_div=0  new_this_loop=0  exec_ignored=344
  HB  exec_in_scope=0  shadow_in_scope=0  unique_pairs=0  cum_div=0  new_this_loop=0  exec_ignored=344
  HB  exec_in_scope=0  shadow_in_scope=0  unique_pairs=0  cum_div=0  new_this_loop=0  exec_ignored=344
  HB  exec_in_scope=0  shadow_in_scope=0  unique_pairs=0  cum_div=0  new_this_loop=0  exec_ignored=344
  HB  exec_in_scope=0  shadow_in_scope=0  unique_pairs=0  cum_div=0  new_this_loop=0  exec_ignored=344
  HB  exec_in_scope=0  shadow_in_scope=0  unique_pairs=0  cum_div=0  new_this_loop=0  exec_ignored=344
  HB  exec_in_scope=0  shadow_in_scope=0  unique_pairs=0  cum_div=0  new_this_loop=0  exec_ignored=344
  HB  exec_in_scope=0  shadow_in_scope=0  unique_pairs=0  cum_div=0  new_this_loop=0  exec_ignored=344
  HB  exec_in_scope=0  shadow_in_scope=0  unique_pairs=0  cum_div=0  new_this_loop=0  exec_ignored=344
  HB  exec_in_scope=0  shadow_in_scope=0  unique_pairs=0  cum_div=0  new_this_loop=0  exec_ignored=344
  HB  exec_in_scope=0  shadow_in_scope=0  unique_pairs=0  cum_div=0  new_this_loop=0  exec_ignored=344
  HB  exec_in_scope=0  shadow_in_scope=0  unique_pairs=0  cum_div=0  new_this_loop=0  exec_ignored=344
  HB  exec_in_scope=0  shadow_in_scope=0  unique_pairs=0  cum_div=0  new_this_loop=0  exec_ignored=344
  HB  exec_in_scope=0  shadow_in_scope=0  unique_pairs=0  cum_div=0  new_this_loop=0  exec_ignored=344
  HB  exec_in_scope=0  shadow_in_scope=0  unique_pairs=0  cum_div=0  new_this_loop=0  exec_ignored=344
  HB  exec_in_scope=0  shadow_in_scope=0  unique_pairs=0  cum_div=0  new_this_loop=0  exec_ignored=344
  HB  exec_in_scope=0  shadow_in_scope=0  unique_pairs=0  cum_div=0  new_this_loop=0  exec_ignored=344
  HB  exec_in_scope=0  shadow_in_scope=0  unique_pairs=0  cum_div=0  new_this_loop=0  exec_ignored=344
  HB  exec_in_scope=0  shadow_in_scope=0  unique_pairs=0  cum_div=0  new_this_loop=0  exec_ignored=344
  HB  exec_in_scope=0  shadow_in_scope=0  unique_pairs=0  cum_div=0  new_this_loop=0  exec_ignored=344
  HB  exec_in_scope=0  shadow_in_scope=0  unique_pairs=0  cum_div=0  new_this_loop=0  exec_ignored=344
  HB  exec_in_scope=0  shadow_in_scope=0  unique_pairs=0  cum_div=0  new_this_loop=0  exec_ignored=344
  HB  exec_in_scope=0  shadow_in_scope=0  unique_pairs=0  cum_div=0  new_this_loop=0  exec_ignored=344
  HB  exec_in_scope=0  shadow_in_scope=0  unique_pairs=0  cum_div=0  new_this_loop=0  exec_ignored=344
  HB  exec_in_scope=0  shadow_in_scope=0  unique_pairs=0  cum_div=0  new_this_loop=0  exec_ignored=344
  HB  exec_in_scope=0  shadow_in_scope=0  unique_pairs=0  cum_div=0  new_this_loop=0  exec_ignored=344
  HB  exec_in_scope=0  shadow_in_scope=0  unique_pairs=0  cum_div=0  new_this_loop=0  exec_ignored=344
  HB  exec_in_scope=0  shadow_in_scope=0  unique_pairs=0  cum_div=0  new_this_loop=0  exec_ignored=344
  HB  exec_in_scope=0  shadow_in_scope=0  unique_pairs=0  cum_div=0  new_this_loop=0  exec_ignored=344
  HB  exec_in_scope=0  shadow_in_scope=0  unique_pairs=0  cum_div=0  new_this_loop=0  exec_ignored=344
  HB  exec_in_scope=0  shadow_in_scope=0  unique_pairs=0  cum_div=0  new_this_loop=0  exec_ignored=344
  HB  exec_in_scope=0  shadow_in_scope=0  unique_pairs=0  cum_div=0  new_this_loop=0  exec_ignored=344
  HB  exec_in_scope=0  shadow_in_scope=0  unique_pairs=0  cum_div=0  new_this_loop=0  exec_ignored=344
  HB  exec_in_scope=0  shadow_in_scope=0  unique_pairs=0  cum_div=0  new_this_loop=0  exec_ignored=344
  HB  exec_in_scope=0  shadow_in_scope=0  unique_pairs=0  cum_div=0  new_this_loop=0  exec_ignored=344
  HB  exec_in_scope=0  shadow_in_scope=0  unique_pairs=0  cum_div=0  new_this_loop=0  exec_ignored=344
  HB  exec_in_scope=0  shadow_in_scope=0  unique_pairs=0  cum_div=0  new_this_loop=0  exec_ignored=344
  HB  exec_in_scope=0  shadow_in_scope=0  unique_pairs=0  cum_div=0  new_this_loop=0  exec_ignored=344
  HB  exec_in_scope=0  shadow_in_scope=0  unique_pairs=0  cum_div=0  new_this_loop=0  exec_ignored=344
  HB  exec_in_scope=0  shadow_in_scope=0  unique_pairs=0  cum_div=0  new_this_loop=0  exec_ignored=344
  HB  exec_in_scope=0  shadow_in_scope=0  unique_pairs=0  cum_div=0  new_this_loop=0  exec_ignored=344
  HB  exec_in_scope=0  shadow_in_scope=0  unique_pairs=0  cum_div=0  new_this_loop=0  exec_ignored=344
  HB  exec_in_scope=0  shadow_in_scope=0  unique_pairs=0  cum_div=0  new_this_loop=0  exec_ignored=344
  HB  exec_in_scope=0  shadow_in_scope=0  unique_pairs=0  cum_div=0  new_this_loop=0  exec_ignored=344
  HB  exec_in_scope=0  shadow_in_scope=0  unique_pairs=0  cum_div=0  new_this_loop=0  exec_ignored=344
  HB  exec_in_scope=0  shadow_in_scope=0  unique_pairs=0  cum_div=0  new_this_loop=0  exec_ignored=344
  HB  exec_in_scope=0  shadow_in_scope=0  unique_pairs=0  cum_div=0  new_this_loop=0  exec_ignored=344
  HB  exec_in_scope=0  shadow_in_scope=0  unique_pairs=0  cum_div=0  new_this_loop=0  exec_ignored=344
  HB  exec_in_scope=0  shadow_in_scope=0  unique_pairs=0  cum_div=0  new_this_loop=0  exec_ignored=344
  HB  exec_in_scope=0  shadow_in_scope=0  unique_pairs=0  cum_div=0  new_this_loop=0  exec_ignored=344
  HB  exec_in_scope=0  shadow_in_scope=0  unique_pairs=0  cum_div=0  new_this_loop=0  exec_ignored=344
  HB  exec_in_scope=0  shadow_in_scope=0  unique_pairs=0  cum_div=0  new_this_loop=0  exec_ignored=344
  HB  exec_in_scope=0  shadow_in_scope=0  unique_pairs=0  cum_div=0  new_this_loop=0  exec_ignored=344
  HB  exec_in_scope=0  shadow_in_scope=0  unique_pairs=0  cum_div=0  new_this_loop=0  exec_ignored=344
  HB  exec_in_scope=0  shadow_in_scope=0  unique_pairs=0  cum_div=0  new_this_loop=0  exec_ignored=344
  HB  exec_in_scope=0  shadow_in_scope=0  unique_pairs=0  cum_div=0  new_this_loop=0  exec_ignored=344
  HB  exec_in_scope=0  shadow_in_scope=0  unique_pairs=0  cum_div=0  new_this_loop=0  exec_ignored=344
  HB  exec_in_scope=0  shadow_in_scope=0  unique_pairs=0  cum_div=0  new_this_loop=0  exec_ignored=344
  HB  exec_in_scope=0  shadow_in_scope=0  unique_pairs=0  cum_div=0  new_this_loop=0  exec_ignored=344
  HB  exec_in_scope=0  shadow_in_scope=0  unique_pairs=0  cum_div=0  new_this_loop=0  exec_ignored=344
  HB  exec_in_scope=0  shadow_in_scope=0  unique_pairs=0  cum_div=0  new_this_loop=0  exec_ignored=344
  HB  exec_in_scope=0  shadow_in_scope=0  unique_pairs=0  cum_div=0  new_this_loop=0  exec_ignored=344
  HB  exec_in_scope=0  shadow_in_scope=0  unique_pairs=0  cum_div=0  new_this_loop=0  exec_ignored=344
  HB  exec_in_scope=0  shadow_in_scope=0  unique_pairs=0  cum_div=0  new_this_loop=0  exec_ignored=344
  HB  exec_in_scope=0  shadow_in_scope=0  unique_pairs=0  cum_div=0  new_this_loop=0  exec_ignored=344
  HB  exec_in_scope=0  shadow_in_scope=0  unique_pairs=0  cum_div=0  new_this_loop=0  exec_ignored=344
  HB  exec_in_scope=0  shadow_in_scope=0  unique_pairs=0  cum_div=0  new_this_loop=0  exec_ignored=344
  HB  exec_in_scope=0  shadow_in_scope=0  unique_pairs=0  cum_div=0  new_this_loop=0  exec_ignored=344
  HB  exec_in_scope=0  shadow_in_scope=0  unique_pairs=0  cum_div=0  new_this_loop=0  exec_ignored=344
  HB  exec_in_scope=0  shadow_in_scope=0  unique_pairs=0  cum_div=0  new_this_loop=0  exec_ignored=344
  HB  exec_in_scope=0  shadow_in_scope=0  unique_pairs=0  cum_div=0  new_this_loop=0  exec_ignored=344
  HB  exec_in_scope=0  shadow_in_scope=0  unique_pairs=0  cum_div=0  new_this_loop=0  exec_ignored=344
  HB  exec_in_scope=0  shadow_in_scope=0  unique_pairs=0  cum_div=0  new_this_loop=0  exec_ignored=344
  HB  exec_in_scope=0  shadow_in_scope=0  unique_pairs=0  cum_div=0  new_this_loop=0  exec_ignored=344
  HB  exec_in_scope=0  shadow_in_scope=0  unique_pairs=0  cum_div=0  new_this_loop=0  exec_ignored=344
  HB  exec_in_scope=0  shadow_in_scope=0  unique_pairs=0  cum_div=0  new_this_loop=0  exec_ignored=344
  HB  exec_in_scope=0  shadow_in_scope=0  unique_pairs=0  cum_div=0  new_this_loop=0  exec_ignored=344
  HB  exec_in_scope=0  shadow_in_scope=0  unique_pairs=0  cum_div=0  new_this_loop=0  exec_ignored=344
  HB  exec_in_scope=0  shadow_in_scope=0  unique_pairs=0  cum_div=0  new_this_loop=0  exec_ignored=344
  HB  exec_in_scope=0  shadow_in_scope=0  unique_pairs=0  cum_div=0  new_this_loop=0  exec_ignored=344
  HB  exec_in_scope=0  shadow_in_scope=0  unique_pairs=0  cum_div=0  new_this_loop=0  exec_ignored=344
  HB  exec_in_scope=0  shadow_in_scope=0  unique_pairs=0  cum_div=0  new_this_loop=0  exec_ignored=344
  HB  exec_in_scope=0  shadow_in_scope=0  unique_pairs=0  cum_div=0  new_this_loop=0  exec_ignored=344
  HB  exec_in_scope=0  shadow_in_scope=0  unique_pairs=0  cum_div=0  new_this_loop=0  exec_ignored=344
  HB  exec_in_scope=0  shadow_in_scope=0  unique_pairs=0  cum_div=0  new_this_loop=0  exec_ignored=344
  HB  exec_in_scope=0  shadow_in_scope=0  unique_pairs=0  cum_div=0  new_this_loop=0  exec_ignored=344
  HB  exec_in_scope=0  shadow_in_scope=0  unique_pairs=0  cum_div=0  new_this_loop=0  exec_ignored=344
  HB  exec_in_scope=0  shadow_in_scope=0  unique_pairs=0  cum_div=0  new_this_loop=0  exec_ignored=344
  HB  exec_in_scope=0  shadow_in_scope=0  unique_pairs=0  cum_div=0  new_this_loop=0  exec_ignored=344
  HB  exec_in_scope=0  shadow_in_scope=0  unique_pairs=0  cum_div=0  new_this_loop=0  exec_ignored=344
  HB  exec_in_scope=0  shadow_in_scope=0  unique_pairs=0  cum_div=0  new_this_loop=0  exec_ignored=344
  HB  exec_in_scope=0  shadow_in_scope=0  unique_pairs=0  cum_div=0  new_this_loop=0  exec_ignored=344
  HB  exec_in_scope=0  shadow_in_scope=0  unique_pairs=0  cum_div=0  new_this_loop=0  exec_ignored=344
