==============================================================================
TS_Engine Phase B sidecar — run_id=PHASE_B2_20260501T162200Z
Observer-only mode. Zero dispatch authority.
==============================================================================

[1/4] Loading portfolio from C:\Users\faraw\Documents\TS_Execution\portfolio.yaml
  found 9 enabled strategies

[2/4] Building (symbol, tf) groups...
  built 9 groups:
    BTCUSD 1h: 1 strategies
    GER40 15m: 1 strategies
    XAUUSD 1h: 1 strategies
    GBPJPY 30m: 1 strategies
    GBPUSD 15m: 1 strategies
    EURUSD 15m: 1 strategies
    AUDJPY 30m: 1 strategies
    AUDUSD 30m: 1 strategies
    NAS100 5m: 1 strategies

[3/4] Connecting to MT5 (read-only)...
  connecting to MT5 (read-only)...
  MT5 connected: account=62125663  server=OctaFX-Real  balance=16.32

[4/4] Spawning bar loops...
[BTCUSD 1h] warming up state from 1500 bars...
  started thread: barloop-BTCUSD-1h
[GER40 15m] warming up state from 1500 bars...
  started thread: barloop-GER40-15m
[XAUUSD 1h] warming up state from 1500 bars...  started thread: barloop-XAUUSD-1h

[GBPJPY 30m] warming up state from 1500 bars...  started thread: barloop-GBPJPY-30m

[GBPUSD 15m] warming up state from 1500 bars...  started thread: barloop-GBPUSD-15m

[EURUSD 15m] warming up state from 1500 bars...  started thread: barloop-EURUSD-15m

[AUDJPY 30m] warming up state from 1500 bars...
  started thread: barloop-AUDJPY-30m
[AUDUSD 30m] warming up state from 1500 bars...
  started thread: barloop-AUDUSD-30m
[NAS100 5m] warming up state from 1500 bars...  started thread: barloop-NAS100-5m


==============================================================================
Phase B sidecar running. Ctrl-C to stop.
==============================================================================
[REGIME_FILTER] active | mode=signal | allowed=None | exclude=[2,2]
[REGIME_FILTER] active | mode=signal | allowed=None | exclude=[1,1]
[AUDUSD 30m]   warmed: 22_CONT_FX_30M_RSIAVG_TRENDFILT_S02_V1_P02_AUDUSD  in_pos=False  pending=no
[BTCUSD 1h]   warmed: 33_TREND_BTCUSD_1H_IMPULSE_S03_V1_P02  in_pos=True  pending=no
[XAUUSD 1h]   warmed: 27_MR_XAUUSD_1H_PINBAR_S01_V1_P05  in_pos=False  pending=no[GER40 15m]   warmed: 35_PA_GER40_15M_DAYOC_S12_V1_P00  in_pos=False  pending=no

[BTCUSD 1h] entering live loop (period=3600s, post-close delay=20s)
[GBPUSD 15m]   warmed: 22_CONT_FX_15M_RSIAVG_TRENDFILT_S07_V1_P01_GBPUSD  in_pos=False  pending=no
[GBPJPY 30m]   warmed: 22_CONT_FX_30M_RSIAVG_TRENDFILT_S02_V1_P05  in_pos=False  pending=no
[AUDUSD 30m] entering live loop (period=1800s, post-close delay=20s)[GER40 15m] entering live loop (period=900s, post-close delay=20s)

[AUDJPY 30m]   warmed: 22_CONT_FX_30M_RSIAVG_TRENDFILT_S02_V1_P06_AUDJPY  in_pos=False  pending=no
[NAS100 5m]   warmed: 62_TREND_IDX_5M_KALFLIP_S01_V2_P15  in_pos=True  pending=no[XAUUSD 1h] entering live loop (period=3600s, post-close delay=20s)

[EURUSD 15m]   warmed: 22_CONT_FX_15M_RSIAVG_TRENDFILT_S07_V1_P02_EURUSD  in_pos=False  pending=no[GBPUSD 15m] entering live loop (period=900s, post-close delay=20s)

[GBPJPY 30m] entering live loop (period=1800s, post-close delay=20s)
[NAS100 5m] entering live loop (period=300s, post-close delay=20s)
[AUDJPY 30m] entering live loop (period=1800s, post-close delay=20s)[EURUSD 15m] entering live loop (period=900s, post-close delay=20s)

[XAUUSD 1h]   SHADOW_SIGNAL  27_MR_XAUUSD_1H_PINBAR_S01_V1_P05  2026-05-01 21:00 UTC  dir=1  ref=4624.26
[NAS100 5m]   SHADOW_SIGNAL  62_TREND_IDX_5M_KALFLIP_S01_V2_P15  2026-05-01 22:05 UTC  dir=1  ref=27750.8
[AUDJPY 30m]   SHADOW_SIGNAL  22_CONT_FX_30M_RSIAVG_TRENDFILT_S02_V1_P06_AUDJPY  2026-05-01 23:00 UTC  dir=1  ref=113.094
[NAS100 5m]   SHADOW_SIGNAL  62_TREND_IDX_5M_KALFLIP_S01_V2_P15  2026-05-04 01:00 UTC  dir=1  ref=27782.1
[GBPJPY 30m]   SHADOW_SIGNAL  22_CONT_FX_30M_RSIAVG_TRENDFILT_S02_V1_P05  2026-05-04 03:30 UTC  dir=-1  ref=213.175
[BTCUSD 1h]   SHADOW_SIGNAL  33_TREND_BTCUSD_1H_IMPULSE_S03_V1_P02  2026-05-04 04:00 UTC  dir=1  ref=79763.0
[GER40 15m]   SHADOW_SIGNAL  35_PA_GER40_15M_DAYOC_S12_V1_P00  2026-05-04 09:00 UTC  dir=1  ref=24354.1
[NAS100 5m]   SHADOW_SIGNAL  62_TREND_IDX_5M_KALFLIP_S01_V2_P15  2026-05-04 15:00 UTC  dir=1  ref=27752.9
[GBPJPY 30m]   SHADOW_SIGNAL  22_CONT_FX_30M_RSIAVG_TRENDFILT_S02_V1_P05  2026-05-04 15:00 UTC  dir=-1  ref=212.994
[AUDJPY 30m]   SHADOW_SIGNAL  22_CONT_FX_30M_RSIAVG_TRENDFILT_S02_V1_P06_AUDJPY  2026-05-04 15:30 UTC  dir=-1  ref=112.932
[NAS100 5m]   SHADOW_SIGNAL  62_TREND_IDX_5M_KALFLIP_S01_V2_P15  2026-05-04 20:20 UTC  dir=1  ref=27698.8
[AUDJPY 30m]   SHADOW_SIGNAL  22_CONT_FX_30M_RSIAVG_TRENDFILT_S02_V1_P06_AUDJPY  2026-05-05 01:30 UTC  dir=-1  ref=112.683
[GBPJPY 30m]   SHADOW_SIGNAL  22_CONT_FX_30M_RSIAVG_TRENDFILT_S02_V1_P05  2026-05-05 01:30 UTC  dir=-1  ref=212.697
[AUDUSD 30m]   SHADOW_SIGNAL  22_CONT_FX_30M_RSIAVG_TRENDFILT_S02_V1_P02_AUDUSD  2026-05-05 02:00 UTC  dir=-1  ref=0.71672
